<?xml version="1.0" encoding="UTF-8"?>
<!-- Generated by org.testng.reporters.JUnitReportReporter -->
<testsuite hostname="DESKTOP-0EJ1KML" failures="0" tests="5" name="testCases.TC_003_Login_Test_Data_Driven_Test" time="38.194" errors="0" timestamp="2024-02-05T13:44:23 IST" skipped="0">
  <testcase classname="testCases.TC_003_Login_Test_Data_Driven_Test" name="loginTest" time="10.945"/>
  <testcase classname="testCases.TC_003_Login_Test_Data_Driven_Test" name="loginTest" time="1.811"/>
  <testcase classname="testCases.TC_003_Login_Test_Data_Driven_Test" name="loginTest" time="11.146"/>
  <testcase classname="testCases.TC_003_Login_Test_Data_Driven_Test" name="loginTest" time="3.287"/>
  <testcase classname="testCases.TC_003_Login_Test_Data_Driven_Test" name="loginTest" time="11.005"/>
</testsuite> <!-- testCases.TC_003_Login_Test_Data_Driven_Test -->
