<?xml version="1.0" encoding="UTF-8"?>
<!-- Generated by org.testng.reporters.JUnitReportReporter -->
<testsuite hostname="DESKTOP-0EJ1KML" failures="0" tests="1" name="testCases.TC_002_Login_Test_Case" time="3.568" errors="0" timestamp="2024-02-07T13:34:49 IST" skipped="0">
  <testcase classname="testCases.TC_002_Login_Test_Case" name="loginTest" time="3.568"/>
</testsuite> <!-- testCases.TC_002_Login_Test_Case -->
