<?xml version="1.0" encoding="UTF-8"?>
<!-- Generated by org.testng.reporters.JUnitReportReporter -->
<testsuite hostname="DESKTOP-0EJ1KML" failures="0" tests="1" name="testCases.TC_001_AccountRegistrationTest" time="5.090" errors="0" timestamp="2024-02-08T13:50:09 IST" skipped="0">
  <testcase classname="testCases.TC_001_AccountRegistrationTest" name="verify_account_registration" time="5.090"/>
</testsuite> <!-- testCases.TC_001_AccountRegistrationTest -->
