<?xml version="1.0" encoding="UTF-8"?>
<!-- Generated by org.testng.reporters.JUnitReportReporter -->
<testsuite hostname="DESKTOP-0EJ1KML" failures="0" tests="1" name="testCases.TC_002_Login_Test_Case" time="2.833" errors="0" timestamp="2024-02-13T17:13:02 IST" skipped="0">
  <testcase classname="testCases.TC_002_Login_Test_Case" name="loginTest" time="2.833"/>
</testsuite> <!-- testCases.TC_002_Login_Test_Case -->
